<?xml version="1.0" encoding="UTF-8"?>
<!-- Generated by org.testng.reporters.JUnitReportReporter -->
<testsuite skipped="0" hostname="DESKTOP-O0V8JPK" name="nvkidsframework.testcases.CreatePageTestcase" tests="2" failures="0" timestamp="08 Feb 2020 19:30:41 GMT" time="83.351" errors="0">
  <testcase name="createLeaf_DemoCSR" time="34.833" classname="nvkidsframework.testcases.CreatePageTestcase"/>
  <testcase name="createLeaf_SalesManager" time="48.518" classname="nvkidsframework.testcases.CreatePageTestcase"/>
</testsuite> <!-- nvkidsframework.testcases.CreatePageTestcase -->
