<?xml version="1.0" encoding="UTF-8"?>
<!-- Generated by org.testng.reporters.JUnitReportReporter -->
<testsuite skipped="1" hostname="DESKTOP-O0V8JPK" name="nvkidsframework.testcases.CreatePageTestcase" tests="7" failures="0" timestamp="09 Feb 2020 03:24:59 GMT" time="234.191" errors="0">
  <testcase name="createLeaf_SalesManager" time="22.492" classname="nvkidsframework.testcases.CreatePageTestcase"/>
  <testcase name="createLeaf_DemoCSR" time="49.292" classname="nvkidsframework.testcases.CreatePageTestcase"/>
  <testcase name="createLeaf_DemoCSR" time="50.650" classname="nvkidsframework.testcases.CreatePageTestcase"/>
  <testcase name="createLeaf_SalesManager" time="14.954" classname="nvkidsframework.testcases.CreatePageTestcase"/>
  <testcase name="createLeaf_DemoCSR" time="50.513" classname="nvkidsframework.testcases.CreatePageTestcase"/>
  <testcase name="createLeaf_DemoCSR" time="27.453" classname="nvkidsframework.testcases.CreatePageTestcase">
    <skipped/>
  </testcase> <!-- createLeaf_DemoCSR -->
  <testcase name="createLeaf_SalesManager" time="18.837" classname="nvkidsframework.testcases.CreatePageTestcase"/>
</testsuite> <!-- nvkidsframework.testcases.CreatePageTestcase -->
