<?xml version="1.0" encoding="UTF-8"?>
<!-- Generated by org.testng.reporters.JUnitReportReporter -->
<testsuite skipped="0" hostname="DESKTOP-O0V8JPK" name="nvkidsframework.testcases.CreatePageTestCaseAgain" tests="2" failures="0" timestamp="08 Feb 2020 18:21:06 GMT" time="51.897" errors="0">
  <testcase name="createLeaf_SalesManager" time="21.501" classname="nvkidsframework.testcases.CreatePageTestCaseAgain"/>
  <testcase name="createLeaf_DemoCSR" time="30.396" classname="nvkidsframework.testcases.CreatePageTestCaseAgain"/>
</testsuite> <!-- nvkidsframework.testcases.CreatePageTestCaseAgain -->
