<?xml version="1.0" encoding="UTF-8"?>
<!-- Generated by org.testng.reporters.JUnitReportReporter -->
<testsuite skipped="1" hostname="DESKTOP-O0V8JPK" name="nvkidsframework.testcases.CreatePageTestCaseAgain" tests="7" failures="0" timestamp="09 Feb 2020 03:24:59 GMT" time="233.069" errors="0">
  <testcase name="createLeaf_SalesManager" time="20.761" classname="nvkidsframework.testcases.CreatePageTestCaseAgain"/>
  <testcase name="createLeaf_DemoCSR" time="52.253" classname="nvkidsframework.testcases.CreatePageTestCaseAgain"/>
  <testcase name="createLeaf_SalesManager" time="23.976" classname="nvkidsframework.testcases.CreatePageTestCaseAgain"/>
  <testcase name="createLeaf_DemoCSR" time="47.503" classname="nvkidsframework.testcases.CreatePageTestCaseAgain"/>
  <testcase name="createLeaf_DemoCSR" time="45.084" classname="nvkidsframework.testcases.CreatePageTestCaseAgain"/>
  <testcase name="createLeaf_DemoCSR" time="24.640" classname="nvkidsframework.testcases.CreatePageTestCaseAgain">
    <skipped/>
  </testcase> <!-- createLeaf_DemoCSR -->
  <testcase name="createLeaf_SalesManager" time="18.852" classname="nvkidsframework.testcases.CreatePageTestCaseAgain"/>
</testsuite> <!-- nvkidsframework.testcases.CreatePageTestCaseAgain -->
