<?xml version="1.0" encoding="UTF-8"?>
<!-- Generated by org.testng.reporters.JUnitReportReporter -->
<testsuite skipped="0" hostname="DESKTOP-O0V8JPK" name="nvkidsframework.testcases.CreatePageTestcase" tests="2" failures="0" timestamp="08 Feb 2020 18:21:06 GMT" time="51.940" errors="0">
  <testcase name="createLeaf_DemoCSR" time="30.392" classname="nvkidsframework.testcases.CreatePageTestcase"/>
  <testcase name="createLeaf_SalesManager" time="21.548" classname="nvkidsframework.testcases.CreatePageTestcase"/>
</testsuite> <!-- nvkidsframework.testcases.CreatePageTestcase -->
