<?xml version="1.0" encoding="UTF-8"?>
<!-- Generated by org.testng.reporters.JUnitReportReporter -->
<testsuite skipped="0" hostname="DESKTOP-O0V8JPK" name="nvkidsframework.testcases.CreatePageTestCaseAgain" tests="2" failures="0" timestamp="08 Feb 2020 19:51:45 GMT" time="68.705" errors="0">
  <testcase name="createLeaf_SalesManager" time="36.010" classname="nvkidsframework.testcases.CreatePageTestCaseAgain"/>
  <testcase name="createLeaf_DemoCSR" time="32.695" classname="nvkidsframework.testcases.CreatePageTestCaseAgain"/>
</testsuite> <!-- nvkidsframework.testcases.CreatePageTestCaseAgain -->
